<?xml version="1.0" encoding="UTF-8"?>
<testsuite xmlns:xsi="http://www.w3.org/2001/XMLSchema-instance" xsi:noNamespaceSchemaLocation="https://maven.apache.org/surefire/maven-surefire-plugin/xsd/surefire-test-report-3.0.xsd" version="3.0" name="com.app.service.ContactServiceTest" time="6.783" tests="3" errors="0" skipped="0" failures="0">
  <properties>
[...]
</properties>
  <testcase name="testDeleteContact" classname="com.app.service.ContactServiceTest" time="0.355">
    <system-out><![CDATA[14:52:39.168 [main] INFO org.springframework.test.context.support.AnnotationConfigContextLoaderUtils -- Could not detect default configuration classes for test class [com.app.service.ContactServiceTest]: ContactServiceTest does not declare any static, non-private, non-final, nested classes annotated with @Configuration.
14:52:39.387 [main] INFO org.springframework.boot.test.context.SpringBootTestContextBootstrapper -- Found @SpringBootConfiguration com.app.MainApp for test class com.app.service.ContactServiceTest

  .   ____          _            __ _ _
 /\\ / ___'_ __ _ _(_)_ __  __ _ \ \ \ \
( ( )\___ | '_ | '_| | '_ \/ _` | \ \ \ \
 \\/  ___)| |_)| | | | | || (_| |  ) ) ) )
  '  |____| .__|_| |_|_| |_\__, | / / / /
 =========|_|==============|___/=/_/_/_/
 :: Spring Boot ::                (v3.1.0)

2023-12-30T14:52:39.994+01:00  INFO 17948 --- [           main] com.app.service.ContactServiceTest       : Starting ContactServiceTest using Java 17.0.9 with PID 17948 (started by anasn in C:\Users\anasn\Desktop\Contact\Backend(SpringAPI))
2023-12-30T14:52:39.997+01:00  INFO 17948 --- [           main] com.app.service.ContactServiceTest       : No active profile set, falling back to 1 default profile: "default"
2023-12-30T14:52:40.672+01:00  INFO 17948 --- [           main] .s.d.r.c.RepositoryConfigurationDelegate : Bootstrapping Spring Data JPA repositories in DEFAULT mode.
2023-12-30T14:52:40.724+01:00  INFO 17948 --- [           main] .s.d.r.c.RepositoryConfigurationDelegate : Finished Spring Data repository scanning in 41 ms. Found 1 JPA repository interfaces.
2023-12-30T14:52:41.215+01:00  INFO 17948 --- [           main] o.hibernate.jpa.internal.util.LogHelper  : HHH000204: Processing PersistenceUnitInfo [name: default]
2023-12-30T14:52:41.301+01:00  INFO 17948 --- [           main] org.hibernate.Version                    : HHH000412: Hibernate ORM core version 6.2.2.Final
2023-12-30T14:52:41.304+01:00  INFO 17948 --- [           main] org.hibernate.cfg.Environment            : HHH000406: Using bytecode reflection optimizer
2023-12-30T14:52:41.629+01:00  INFO 17948 --- [           main] o.h.b.i.BytecodeProviderInitiator        : HHH000021: Bytecode provider name : bytebuddy
2023-12-30T14:52:41.840+01:00  INFO 17948 --- [           main] o.s.o.j.p.SpringPersistenceUnitInfo      : No LoadTimeWeaver setup: ignoring JPA class transformer
2023-12-30T14:52:41.877+01:00  INFO 17948 --- [           main] com.zaxxer.hikari.HikariDataSource       : HikariPool-1 - Starting...
2023-12-30T14:52:42.151+01:00  INFO 17948 --- [           main] com.zaxxer.hikari.pool.HikariPool        : HikariPool-1 - Added connection com.mysql.cj.jdbc.ConnectionImpl@3dcb28de
2023-12-30T14:52:42.154+01:00  INFO 17948 --- [           main] com.zaxxer.hikari.HikariDataSource       : HikariPool-1 - Start completed.
2023-12-30T14:52:42.237+01:00  WARN 17948 --- [           main] org.hibernate.dialect.Dialect            : HHH000511: The 5.5.0 version for [org.hibernate.dialect.MySQLDialect] is no longer supported, hence certain features may not work properly. The minimum supported version is 5.7.0. Check the community dialects project for available legacy versions.
2023-12-30T14:52:42.243+01:00  INFO 17948 --- [           main] org.hibernate.orm.dialect                : HHH035001: Using dialect: org.hibernate.dialect.MySQLDialect, version: 5.5
2023-12-30T14:52:42.541+01:00  INFO 17948 --- [           main] o.h.b.i.BytecodeProviderInitiator        : HHH000021: Bytecode provider name : bytebuddy
2023-12-30T14:52:43.167+01:00  INFO 17948 --- [           main] o.h.e.t.j.p.i.JtaPlatformInitiator       : HHH000490: Using JtaPlatform implementation: [org.hibernate.engine.transaction.jta.platform.internal.NoJtaPlatform]
2023-12-30T14:52:43.224+01:00  INFO 17948 --- [           main] j.LocalContainerEntityManagerFactoryBean : Initialized JPA EntityManagerFactory for persistence unit 'default'
2023-12-30T14:52:43.663+01:00  WARN 17948 --- [           main] JpaBaseConfiguration$JpaWebConfiguration : spring.jpa.open-in-view is enabled by default. Therefore, database queries may be performed during view rendering. Explicitly configure spring.jpa.open-in-view to disable this warning
2023-12-30T14:52:44.089+01:00  INFO 17948 --- [           main] com.app.service.ContactServiceTest       : Started ContactServiceTest in 4.408 seconds (process running for 6.393)
]]></system-out>
  </testcase>
  <testcase name="testDefaultConstructor" classname="com.app.service.ContactServiceTest" time="0.02"/>
  <testcase name="testAddContact" classname="com.app.service.ContactServiceTest" time="0.053"/>
</testsuite>